<?xml version="1.0" encoding="UTF-8"?>
<testng-results skipped="0" failed="0" ignored="0" total="1" passed="1">
  <reporter-output>
  </reporter-output>
  <suite name="Suite" duration-ms="70434" started-at="2023-07-03T15:48:01 IST" finished-at="2023-07-03T15:49:12 IST">
    <groups>
    </groups>
    <test name="Testonchrome" duration-ms="70434" started-at="2023-07-03T15:48:01 IST" finished-at="2023-07-03T15:49:12 IST">
      <class name="com.ind.Test.LeadPageTest">
        <test-method status="PASS" signature="login(java.lang.String)[pri:0, instance:com.ind.Test.LeadPageTest@5e0826e7]" name="login" is-config="true" duration-ms="31479" started-at="2023-07-03T15:48:01 IST" finished-at="2023-07-03T15:48:33 IST">
          <params>
            <param index="0">
              <value>
                <![CDATA[chrome]]>
              </value>
            </param>
          </params>
          <reporter-output>
          </reporter-output>
        </test-method> <!-- login -->
        <test-method status="PASS" signature="createlead(java.lang.String,java.lang.String,java.lang.String,java.lang.String,java.lang.String,java.lang.String,java.lang.String,java.lang.String)[pri:0, instance:com.ind.Test.LeadPageTest@5e0826e7]" name="createlead" duration-ms="37450" started-at="2023-07-03T15:48:34 IST" data-provider="getLead" finished-at="2023-07-03T15:49:11 IST">
          <params>
            <param index="0">
              <value>
                <![CDATA[Emma2]]>
              </value>
            </param>
            <param index="1">
              <value>
                <![CDATA[Cliff2]]>
              </value>
            </param>
            <param index="2">
              <value>
                <![CDATA[BMCCC]]>
              </value>
            </param>
            <param index="3">
              <value>
                <![CDATA[Balewadi12]]>
              </value>
            </param>
            <param index="4">
              <value>
                <![CDATA[Pune]]>
              </value>
            </param>
            <param index="5">
              <value>
                <![CDATA[Maharshtra]]>
              </value>
            </param>
            <param index="6">
              <value>
                <![CDATA[411033.0]]>
              </value>
            </param>
            <param index="7">
              <value>
                <![CDATA[India]]>
              </value>
            </param>
          </params>
          <reporter-output>
          </reporter-output>
        </test-method> <!-- createlead -->
      </class> <!-- com.ind.Test.LeadPageTest -->
    </test> <!-- Testonchrome -->
  </suite> <!-- Suite -->
</testng-results>
